<?xml version="1.0" encoding="UTF-8"?>
<testng-results skipped="0" failed="0" ignored="0" total="1" passed="1">
  <reporter-output>
  </reporter-output>
  <suite name="Default suite" duration-ms="38321" started-at="2019-03-29T03:55:19Z" finished-at="2019-03-29T03:55:57Z">
    <groups>
    </groups>
    <test name="Default test" duration-ms="38321" started-at="2019-03-29T03:55:19Z" finished-at="2019-03-29T03:55:57Z">
      <class name="com.salesforce.qa.testcases.ManagePageTest">
        <test-method status="PASS" signature="setUp()[pri:0, instance:com.salesforce.qa.testcases.ManagePageTest@5ed828d]" name="setUp" is-config="true" duration-ms="32945" started-at="2019-03-28T23:55:19Z" finished-at="2019-03-28T23:55:52Z">
          <reporter-output>
          </reporter-output>
        </test-method> <!-- setUp -->
        <test-method status="PASS" signature="checkColumnSize()[pri:0, instance:com.salesforce.qa.testcases.ManagePageTest@5ed828d]" name="checkColumnSize" duration-ms="5334" started-at="2019-03-28T23:55:52Z" finished-at="2019-03-28T23:55:57Z">
          <reporter-output>
          </reporter-output>
        </test-method> <!-- checkColumnSize -->
      </class> <!-- com.salesforce.qa.testcases.ManagePageTest -->
    </test> <!-- Default test -->
  </suite> <!-- Default suite -->
</testng-results>
